Build started 8/18/2015 4:24:51 PM.
     1>Project "D:\VisualStudioWorkstation\APP\LTT.EST.CameraMarketing\LTT.ETS.CameraMarketing\LTT.ETS.CameraMarketing.vcxproj" on node 2 (Build target(s)).
     1>ClCompile:
         C:\Program Files\Microsoft Visual Studio 11.0\VC\bin\CL.exe /c /IC:\opencv\build\include /ZI /nologo /W3 /WX- /sdl /Od /Oy- /D _CRT_SECURE_NO_WARNINGS /D WIN32 /D _DEBUG /D _CONSOLE /Gm /EHsc /RTC1 /MDd /GS /fp:precise /Zc:wchar_t /Zc:forScope /Fo"Debug\\" /Fd"Debug\vc110.pdb" /Gd /TP /analyze- /errorReport:prompt AppTemplate.cpp Detector.cpp Enviroment.cpp HungarianAlg.cpp LTT.ETS.CameraMarketing.cpp MultiTrackAssociation.cpp Tracker.cpp
         Detector.cpp
     1>d:\visualstudioworkstation\app\ltt.est.cameramarketing\ltt.ets.cameramarketing\detector.cpp(92): warning C4018: '<' : signed/unsigned mismatch
         Generating Code...
         Compiling...
         Tracker.cpp
         MultiTrackAssociation.cpp
     1>d:\visualstudioworkstation\app\ltt.est.cameramarketing\ltt.ets.cameramarketing\multitrackassociation.cpp(293): warning C4150: deletion of pointer to incomplete type 'sqlite3'; no destructor called
                 d:\visualstudioworkstation\app\ltt.est.cameramarketing\ltt.ets.cameramarketing\sqlite3.h(228) : see declaration of 'sqlite3'
     1>d:\visualstudioworkstation\app\ltt.est.cameramarketing\ltt.ets.cameramarketing\multitrackassociation.cpp(671): warning C4244: 'argument' : conversion from 'double' to 'int', possible loss of data
     1>d:\visualstudioworkstation\app\ltt.est.cameramarketing\ltt.ets.cameramarketing\multitrackassociation.cpp(747): warning C4018: '<' : signed/unsigned mismatch
         LTT.ETS.CameraMarketing.cpp
         HungarianAlg.cpp
         Enviroment.cpp
     1>d:\visualstudioworkstation\app\ltt.est.cameramarketing\ltt.ets.cameramarketing\enviroment.cpp(9): warning C4305: 'initializing' : truncation from 'double' to 'float'
     1>d:\visualstudioworkstation\app\ltt.est.cameramarketing\ltt.ets.cameramarketing\enviroment.cpp(10): warning C4305: 'initializing' : truncation from 'double' to 'float'
         AppTemplate.cpp
         Generating Code...
       Link:
         C:\Program Files\Microsoft Visual Studio 11.0\VC\bin\link.exe /ERRORREPORT:PROMPT /OUT:"D:\VisualStudioWorkstation\APP\LTT.EST.CameraMarketing\Debug\LTT.ETS.CameraMarketing.exe" /INCREMENTAL /NOLOGO /LIBPATH:C:\opencv\build\x86\vc11\lib ComCtl32.lib shell32.lib opencv_calib3d249d.lib opencv_contrib249d.lib opencv_core249d.lib opencv_features2d249d.lib opencv_flann249.lib opencv_gpu249d.lib opencv_highgui249d.lib opencv_imgproc249d.lib opencv_legacy249d.lib opencv_ml249d.lib opencv_nonfree249d.lib opencv_objdetect249d.lib opencv_photo249d.lib opencv_stitching249d.lib opencv_superres249d.lib opencv_ts249d.lib opencv_video249d.lib opencv_videostab249d.lib /MANIFEST /MANIFESTUAC:"level='asInvoker' uiAccess='false'" /manifest:embed /DEBUG /PDB:"D:\VisualStudioWorkstation\APP\LTT.EST.CameraMarketing\Debug\LTT.ETS.CameraMarketing.pdb" /SUBSYSTEM:CONSOLE /TLBID:1 /DYNAMICBASE /NXCOMPAT /IMPLIB:"D:\VisualStudioWorkstation\APP\LTT.EST.CameraMarketing\Debug\LTT.ETS.CameraMarketing.lib" /MACHINE:X86 Debug\AppTemplate.obj
         Debug\ConnectDB.obj
         Debug\Detector.obj
         Debug\Enviroment.obj
         Debug\HungarianAlg.obj
         Debug\LTT.ETS.CameraMarketing.obj
         Debug\MultiTrackAssociation.obj
         Debug\ForegroundMaskAnalysis.obj
         Debug\Error.obj
         Debug\blob.obj
         Debug\BlobExtraction.obj
         Debug\BlobResult.obj
         Debug\CMultiLayerBGS.obj
         Debug\LocalBinaryPattern.obj
         Debug\MultiLayerBGS.obj
         Debug\sqlite3.obj
         Debug\stdafx.obj
         Debug\Tracker.obj
         Debug\WatershedSegmenter.obj
         LTT.ETS.CameraMarketing.vcxproj -> D:\VisualStudioWorkstation\APP\LTT.EST.CameraMarketing\Debug\LTT.ETS.CameraMarketing.exe
     1>Done Building Project "D:\VisualStudioWorkstation\APP\LTT.EST.CameraMarketing\LTT.ETS.CameraMarketing\LTT.ETS.CameraMarketing.vcxproj" (Build target(s)).

Build succeeded.

Time Elapsed 00:00:10.94
